Using pre-set license
Built from '2020.3/staging' branch; Version is '2020.3.11f1 (99c7afb366b3) revision 10078127'; Using compiler version '192528614'; Build Type 'Release'
OS: 'Windows 10 Home; OS build 19041.985; Version 2004; 64bit' Language: 'en' Physical Memory: 32705 MB
BatchMode: 1, IsHumanControllingUs: 0, StartBugReporterOnCrash: 0, Is64bit: 1, IsPro: 0

 COMMAND LINE ARGUMENTS:
C:\Program Files\Unity\Hub\Editor\2020.3.11f1\Editor\Unity.exe
-adb2
-batchMode
-noUpm
-name
AssetImportWorker0
-projectPath
D:/Game Development/Metal2Man
-logFile
Logs/AssetImportWorker0.log
-srvPort
61680
Successfully changed project path to: D:/Game Development/Metal2Man
D:/Game Development/Metal2Man
Using Asset Import Pipeline V2.
Refreshing native plugins compatible for Editor in 20.26 ms, found 2 plugins.
Preloading 0 native plugins for Editor in 0.00 ms.
Initialize engine version: 2020.3.11f1 (99c7afb366b3)
[Subsystems] Discovering subsystems at path C:/Program Files/Unity/Hub/Editor/2020.3.11f1/Editor/Data/Resources/UnitySubsystems
[Subsystems] Discovering subsystems at path D:/Game Development/Metal2Man/Assets
GfxDevice: creating device client; threaded=0
Direct3D:
    Version:  Direct3D 11.0 [level 11.1]
    Renderer: NVIDIA GeForce RTX 2070 (ID=0x1f07)
    Vendor:   
    VRAM:     8031 MB
    Driver:   27.21.14.6079
Initialize mono
Mono path[0] = 'C:/Program Files/Unity/Hub/Editor/2020.3.11f1/Editor/Data/Managed'
Mono path[1] = 'C:/Program Files/Unity/Hub/Editor/2020.3.11f1/Editor/Data/MonoBleedingEdge/lib/mono/unityjit'
Mono config path = 'C:/Program Files/Unity/Hub/Editor/2020.3.11f1/Editor/Data/MonoBleedingEdge/etc'
Using monoOptions --debugger-agent=transport=dt_socket,embedding=1,server=y,suspend=n,address=127.0.0.1:56292
Begin MonoManager ReloadAssembly
Registering precompiled unity dll's ...
Register platform support module: C:/Program Files/Unity/Hub/Editor/2020.3.11f1/Editor/Data/PlaybackEngines/WindowsStandaloneSupport/UnityEditor.WindowsStandalone.Extensions.dll
Registered in 0.001387 seconds.
Native extension for WindowsStandalone target not found
Refreshing native plugins compatible for Editor in 20.97 ms, found 2 plugins.
Preloading 0 native plugins for Editor in 0.00 ms.
Mono: successfully reloaded assembly
- Completed reload, in  0.826 seconds
Platform modules already initialized, skipping
Registering precompiled user dll's ...
Registered in 0.001648 seconds.
Begin MonoManager ReloadAssembly
Native extension for WindowsStandalone target not found
Refreshing native plugins compatible for Editor in 0.25 ms, found 2 plugins.
Preloading 0 native plugins for Editor in 0.00 ms.
Mono: successfully reloaded assembly
- Completed reload, in  0.753 seconds
Platform modules already initialized, skipping
========================================================================
Worker process is ready to serve import requests
Launched and connected shader compiler UnityShaderCompiler.exe after 0.03 seconds
Refreshing native plugins compatible for Editor in 0.26 ms, found 2 plugins.
Preloading 0 native plugins for Editor in 0.00 ms.
Unloading 1386 Unused Serialized files (Serialized files now loaded: 0)
System memory in use before: 64.5 MB.
System memory in use after: 64.6 MB.

Unloading 18 unused Assets to reduce memory usage. Loaded Objects now: 1820.
Total: 1.574200 ms (FindLiveObjects: 0.122500 ms CreateObjectMapping: 0.037200 ms MarkObjects: 1.347700 ms  DeleteObjects: 0.065900 ms)

========================================================================
Received Import Request.
  path: Assets/Scenes
  artifactKey: Guid(0b23729818184f54b8e3403e70b1c6cf) Importer(815301076,1909f56bfc062723c751e8b465ee728b)
Start importing Assets/Scenes using Guid(0b23729818184f54b8e3403e70b1c6cf) Importer(815301076,1909f56bfc062723c751e8b465ee728b)  -> (artifact id: '9155a486ac2a29696fe156c20d97ef5b') in 0.007701 seconds
  Import took 0.009415 seconds .

========================================================================
Received Import Request.
  Time since last request: 31.990221 seconds.
  path: Assets/WelderGuy.fbx
  artifactKey: Guid(bc0a33ab00e4a704fbcdc15e678cda25) Importer(815301076,1909f56bfc062723c751e8b465ee728b)
Start importing Assets/WelderGuy.fbx using Guid(bc0a33ab00e4a704fbcdc15e678cda25) Importer(815301076,1909f56bfc062723c751e8b465ee728b)  -> (artifact id: '8c666614fd53ed688590cf1abe2159f8') in 0.318989 seconds
  Import took 0.320860 seconds .

========================================================================
Received Import Request.
  Time since last request: 752.013832 seconds.
  path: Assets
  artifactKey: Guid(00000000000000001000000000000000) Importer(815301076,1909f56bfc062723c751e8b465ee728b)
Start importing Assets using Guid(00000000000000001000000000000000) Importer(815301076,1909f56bfc062723c751e8b465ee728b)  -> (artifact id: '42d402b061de3733987d63b9cc3b64de') in 0.006958 seconds
  Import took 0.009054 seconds .

========================================================================
Received Import Request.
  Time since last request: 4.341728 seconds.
  path: Assets/WelderGuy.fbx
  artifactKey: Guid(bc0a33ab00e4a704fbcdc15e678cda25) Importer(815301076,1909f56bfc062723c751e8b465ee728b)
Start importing Assets/WelderGuy.fbx using Guid(bc0a33ab00e4a704fbcdc15e678cda25) Importer(815301076,1909f56bfc062723c751e8b465ee728b)  -> (artifact id: '38157d839e86256b401433abb7edd724') in 0.229320 seconds
  Import took 0.231332 seconds .

========================================================================
Received Import Request.
  Time since last request: 141.545011 seconds.
  path: Assets/WelderGuy.fbx
  artifactKey: Guid(bc0a33ab00e4a704fbcdc15e678cda25) Importer(815301076,1909f56bfc062723c751e8b465ee728b)
Start importing Assets/WelderGuy.fbx using Guid(bc0a33ab00e4a704fbcdc15e678cda25) Importer(815301076,1909f56bfc062723c751e8b465ee728b)  -> (artifact id: 'cc0e5b0eaa35ce7269453f04103fdf0c') in 0.062641 seconds
  Import took 0.064918 seconds .

AssetImportWorkerClient::OnTransportError - code=2 error=End of file
